<?xml version="1.0" encoding="UTF-8"?>
<!-- Generated by org.testng.reporters.JUnitReportReporter -->
<testsuite hostname="MacbookAir" failures="0" tests="1" name="spotify.oauth2.PlayListTests_POJO" time="2.616" errors="0" timestamp="2025-01-23T14:12:19 IST" skipped="0">
  <testcase classname="spotify.oauth2.PlayListTests_POJO" name="getAPIPlayList" time="2.616"/>
  <system-out/>
</testsuite> <!-- spotify.oauth2.PlayListTests_POJO -->
