<?xml version="1.0" encoding="UTF-8"?>
<!-- Generated by org.testng.reporters.JUnitReportReporter -->
<testsuite hostname="MacbookAir" failures="0" tests="3" name="spotify.oauth2.tests.TC_04_PlayListTests_POJO_API_RestResource" time="5.273" errors="0" timestamp="2025-02-13T23:41:25 IST" skipped="0">
  <testcase classname="spotify.oauth2.tests.TC_04_PlayListTests_POJO_API_RestResource" name="createAPIPlayList" time="4.581"/>
  <system-out/>
  <testcase classname="spotify.oauth2.tests.TC_04_PlayListTests_POJO_API_RestResource" name="getAPIPlayList" time="0.372"/>
  <system-out/>
  <testcase classname="spotify.oauth2.tests.TC_04_PlayListTests_POJO_API_RestResource" name="updateAPIPlayList" time="0.320"/>
  <system-out/>
</testsuite> <!-- spotify.oauth2.tests.TC_04_PlayListTests_POJO_API_RestResource -->
