<?xml version="1.0" encoding="UTF-8"?>
<!-- Generated by org.testng.reporters.JUnitReportReporter -->
<testsuite hostname="MacbookAir" failures="0" tests="3" name="spotify.oauth2.tests.PlayListTests_POJO_API" time="5.416" errors="0" timestamp="2025-01-24T00:22:14 IST" skipped="0">
  <testcase classname="spotify.oauth2.tests.PlayListTests_POJO_API" name="createAPIPlayList" time="4.618"/>
  <system-out/>
  <testcase classname="spotify.oauth2.tests.PlayListTests_POJO_API" name="getAPIPlayList" time="0.413"/>
  <system-out/>
  <testcase classname="spotify.oauth2.tests.PlayListTests_POJO_API" name="updateAPIPlayList" time="0.385"/>
  <system-out/>
</testsuite> <!-- spotify.oauth2.tests.PlayListTests_POJO_API -->
